/usr/lib/python3/dist-packages/scipy/__init__.py:146: UserWarning: A NumPy version >=1.17.3 and <1.25.0 is required for this version of SciPy (detected version 1.26.3
  warnings.warn(f"A NumPy version >={np_minversion} and <{np_maxversion}"
Authorization required, but no authorization protocol specified
Authorization required, but no authorization protocol specified
HELICS Version: 3.5.1 (2024-03-19)
CC: Federate CC has been registered
CC: Registered Publication ---> CC/faultDetection
CC: Registered Subscription ---> IEEE_123_feeder_0/currentA
CC: Registered Subscription ---> IEEE_123_feeder_0/currentB
CC: Registered Subscription ---> IEEE_123_feeder_0/currentC
CC: Registered Subscription ---> IEEE_123_feeder_0/totalLoad
CC: Federate Granted Time = 60.0
CC: Substation IEEE_123_feeder_0/currentA to Distribution System = (-1.1525650026949483e-10+6.336294110787459e-13j) A
CC: Substation IEEE_123_feeder_0/currentB to Distribution System = (6.602111827285528e-11+1.1743579444994608e-10j) A
CC: Substation IEEE_123_feeder_0/currentC to Distribution System = (1.0224509467035108e-11-8.807684583745957e-11j) A
Fault detected (-4.5727470436946225e-05-4.730010137046363e-06j) A!
CC: Substation IEEE_123_feeder_0/totalLoad to Distribution System = (-4.5727470436946225e-05-4.730010137046363e-06j) A
CC: Federate Granted Time = 300.0
CC: Substation IEEE_123_feeder_0/currentA to Distribution System = (3.055997401167007e-11+4.5839961017505105e-12j) A
CC: Substation IEEE_123_feeder_0/currentB to Distribution System = (-1.124696041373862e-11-6.441440964232118e-11j) A
CC: Substation IEEE_123_feeder_0/currentC to Distribution System = (-5.974034817167655e-11+1.0022303838292716e-27j) A
Fault detected (1.756535351648992e-05-1.1358790284657594e-05j) A!
CC: Substation IEEE_123_feeder_0/totalLoad to Distribution System = (1.756535351648992e-05-1.1358790284657594e-05j) A
CC: Federate Granted Time = 600.0
CC: Substation IEEE_123_feeder_0/currentA to Distribution System = (-5.5778395105300995e-11-2.392724448627493e-12j) A
CC: Substation IEEE_123_feeder_0/currentB to Distribution System = (-6.7189633640516416e-12-5.477415785911665e-11j) A
CC: Substation IEEE_123_feeder_0/currentC to Distribution System = (-3.505546102983464e-12+8.311065552489967e-11j) A
Fault detected (9.910899037330313e-06+2.7887625483962106e-06j) A!
CC: Substation IEEE_123_feeder_0/totalLoad to Distribution System = (9.910899037330313e-06+2.7887625483962106e-06j) A
CC: Federate Granted Time = 900.0
CC: Substation IEEE_123_feeder_0/currentA to Distribution System = (2.036767976902255e-12-5.668519620632318e-12j) A
CC: Substation IEEE_123_feeder_0/currentB to Distribution System = (4.484177723399683e-11+3.958345807952163e-11j) A
CC: Substation IEEE_123_feeder_0/currentC to Distribution System = (-1.6067086305340885e-12-9.202058520331597e-12j) A
Fault detected (-8.91435608644653e-06-2.79213649602395e-06j) A!
CC: Substation IEEE_123_feeder_0/totalLoad to Distribution System = (-8.91435608644653e-06-2.79213649602395e-06j) A
CC: Federate Granted Time = 1200.0
CC: Substation IEEE_123_feeder_0/currentA to Distribution System = (-3.5296364682061337e-11+6.795801148584563e-13j) A
CC: Substation IEEE_123_feeder_0/currentB to Distribution System = (-1.2999733465230352e-11+7.011092205966932e-12j) A
CC: Substation IEEE_123_feeder_0/currentC to Distribution System = (1.957263240832435e-11-5.083041849326025e-11j) A
Fault detected (-1.2781321497654144e-05+8.099402766768908e-07j) A!
CC: Substation IEEE_123_feeder_0/totalLoad to Distribution System = (-1.2781321497654144e-05+8.099402766768908e-07j) A
CC: Federate Granted Time = 1500.0
CC: Substation IEEE_123_feeder_0/currentA to Distribution System = (2.6242830114415234e-12+6.3676772688838845e-12j) A
CC: Substation IEEE_123_feeder_0/currentB to Distribution System = (4.96619031255991e-11+7.449285468839863e-12j) A
CC: Substation IEEE_123_feeder_0/currentC to Distribution System = (-9.64025178320453e-12-5.521235112198958e-11j) A
Fault detected (-1.032799475451284e-05-1.176264745347668e-05j) A!
CC: Substation IEEE_123_feeder_0/totalLoad to Distribution System = (-1.032799475451284e-05-1.176264745347668e-05j) A
CC: Federate Granted Time = 1800.0
CC: Substation IEEE_123_feeder_0/currentA to Distribution System = (-1.0561413950360315e-10+2.079983525962497e-12j) A
CC: Substation IEEE_123_feeder_0/currentB to Distribution System = (3.563971871366524e-11-1.8550181461620837e-11j) A
CC: Substation IEEE_123_feeder_0/currentC to Distribution System = (1.5044635358637374e-11-7.303221047882223e-13j) A
Fault detected (-1.6652207508409153e-05-4.26036922365156e-06j) A!
CC: Substation IEEE_123_feeder_0/totalLoad to Distribution System = (-1.6652207508409153e-05-4.26036922365156e-06j) A
CC: Federate Granted Time = 2100.0
CC: Substation IEEE_123_feeder_0/currentA to Distribution System = (4.9167802139473735e-11+1.4011355037534044e-12j) A
CC: Substation IEEE_123_feeder_0/currentB to Distribution System = (-2.9943206296317096e-11+1.0005412835598642e-10j) A
CC: Substation IEEE_123_feeder_0/currentC to Distribution System = (-1.986476125023964e-11-8.661620162788312e-11j) A
Fault detected (-1.2621868083363127e-05+2.024067432861415e-06j) A!
CC: Substation IEEE_123_feeder_0/totalLoad to Distribution System = (-1.2621868083363127e-05+2.024067432861415e-06j) A
CC: Federate Granted Time = 2400.0
CC: Substation IEEE_123_feeder_0/currentA to Distribution System = (-3.505598023421671e-11-5.258397035132506e-12j) A
CC: Substation IEEE_123_feeder_0/currentB to Distribution System = (-3.797674944898754e-12+5.404383575432843e-12j) A
CC: Substation IEEE_123_feeder_0/currentC to Distribution System = (2.921288419152889e-13+1.796592377779026e-11j) A
Fault detected (-3.2314613169527297e-06+2.95202029883971e-06j) A!
CC: Substation IEEE_123_feeder_0/totalLoad to Distribution System = (-3.2314613169527297e-06+2.95202029883971e-06j) A
CC: Federate Granted Time = 2700.0
CC: Substation IEEE_123_feeder_0/currentA to Distribution System = (-4.583381691178566e-11+5.072997097567464e-12j) A
CC: Substation IEEE_123_feeder_0/currentB to Distribution System = (2.8482562086740657e-11+4.907764544176852e-11j) A
CC: Substation IEEE_123_feeder_0/currentC to Distribution System = (-1.3145797886188005e-12-5.097648291421789e-11j) A
Fault detected (-2.1048912409014172e-05-4.586478661017076e-06j) A!
CC: Substation IEEE_123_feeder_0/totalLoad to Distribution System = (-2.1048912409014172e-05-4.586478661017076e-06j) A
CC: Federate Granted Time = 3000.0
CC: Substation IEEE_123_feeder_0/currentA to Distribution System = (4.6263317931014164e-11+9.65462872484469e-13j) A
CC: Substation IEEE_123_feeder_0/currentB to Distribution System = (-1.8988374724493754e-12+9.231271404523125e-11j) A
CC: Substation IEEE_123_feeder_0/currentC to Distribution System = (-1.6651343989171462e-11-8.471736415543375e-12j) A
Fault detected (-4.573971536913196e-06+4.060356065539144e-06j) A!
CC: Substation IEEE_123_feeder_0/totalLoad to Distribution System = (-4.573971536913196e-06+4.060356065539144e-06j) A
CC: Federate Granted Time = 3300.0
CC: Substation IEEE_123_feeder_0/currentA to Distribution System = (-4.7732052620552345e-11+4.788261741252462e-12j) A
CC: Substation IEEE_123_feeder_0/currentB to Distribution System = (7.741414310755152e-12-3.1695979347808836e-11j) A
CC: Substation IEEE_123_feeder_0/currentC to Distribution System = (4.966190312559909e-12-5.302138480762491e-11j) A
Fault detected (-1.0454599563695375e-05-7.139892245428451e-06j) A!
CC: Substation IEEE_123_feeder_0/totalLoad to Distribution System = (-1.0454599563695375e-05-7.139892245428451e-06j) A
CC: Federate Granted Time = 3600.0
CC: Substation IEEE_123_feeder_0/currentA to Distribution System = (-3.433078990708875e-11+8.244163311043441e-13j) A
CC: Substation IEEE_123_feeder_0/currentB to Distribution System = (-3.2134172610681766e-11-4.8201258916022645e-12j) A
CC: Substation IEEE_123_feeder_0/currentC to Distribution System = (-1.329186230714564e-11-1.095483157182333e-11j) A
Fault detected (-2.4395940428930888e-06+1.0959818208482856e-06j) A!
CC: Substation IEEE_123_feeder_0/totalLoad to Distribution System = (-2.4395940428930888e-06+1.0959818208482856e-06j) A
CC: Federate Granted Time = 3900.0
CC: Substation IEEE_123_feeder_0/currentA to Distribution System = (4.363964761482229-0.0009081464850940258j) A
CC: Substation IEEE_123_feeder_0/currentB to Distribution System = (-1.7668891768977204-2.958734823192991j) A
CC: Substation IEEE_123_feeder_0/currentC to Distribution System = (-2.1125118053320042+3.013972078875708j) A
CC: Substation IEEE_123_feeder_0/totalLoad to Distribution System = (1653161.096178567-39007.87850588442j) A
CC: Federate Granted Time = 4200.0
CC: Substation IEEE_123_feeder_0/currentA to Distribution System = (4.237302655297049-2.063848923262402j) A
CC: Substation IEEE_123_feeder_0/currentB to Distribution System = (-3.540765339000912-1.8303779406997698j) A
CC: Substation IEEE_123_feeder_0/currentC to Distribution System = (-0.2439489207087545+3.963998987097854j) A
CC: Substation IEEE_123_feeder_0/totalLoad to Distribution System = (1602586.5237209594+860510.0727377781j) A
CC: Federate Granted Time = 4500.0
CC: Substation IEEE_123_feeder_0/currentA to Distribution System = (4.179535234481623-2.040900636125458j) A
CC: Substation IEEE_123_feeder_0/currentB to Distribution System = (-3.5061731816914676-1.8067757792987214j) A
CC: Substation IEEE_123_feeder_0/currentC to Distribution System = (-0.23722711443839573+3.9156815766970716j) A
CC: Substation IEEE_123_feeder_0/totalLoad to Distribution System = (1576380.2064063977+848745.9536842627j) A
CC: Federate Granted Time = 4800.0
CC: Substation IEEE_123_feeder_0/currentA to Distribution System = (4.093735458958906-2.0119162986590147j) A
CC: Substation IEEE_123_feeder_0/currentB to Distribution System = (-3.4613273331968544-1.7698896381092037j) A
CC: Substation IEEE_123_feeder_0/currentC to Distribution System = (-0.22254865417446265+3.843317630971754j) A
CC: Substation IEEE_123_feeder_0/totalLoad to Distribution System = (1542854.849583791+836456.0072299909j) A
CC: Federate Granted Time = 5100.0
CC: Substation IEEE_123_feeder_0/currentA to Distribution System = (4.096999015484399-2.0131987601128194j) A
CC: Substation IEEE_123_feeder_0/currentB to Distribution System = (-3.4379782628180386-1.7567454455714944j) A
CC: Substation IEEE_123_feeder_0/currentC to Distribution System = (-0.22425788907616045+3.832934064360803j) A
CC: Substation IEEE_123_feeder_0/totalLoad to Distribution System = (1539055.521894566+833839.5389015593j) A
CC: Federate Granted Time = 5400.0
CC: Substation IEEE_123_feeder_0/currentA to Distribution System = (4.032878010510238-1.9940639155689015j) A
CC: Substation IEEE_123_feeder_0/currentB to Distribution System = (-3.4107101472940253-1.7292625114343545j) A
CC: Substation IEEE_123_feeder_0/currentC to Distribution System = (-0.2099100785711199+3.7688783958825938j) A
CC: Substation IEEE_123_feeder_0/totalLoad to Distribution System = (1515607.4495837255+826902.8456369124j) A
CC: Federate Granted Time = 5700.0
CC: Substation IEEE_123_feeder_0/currentA to Distribution System = (4.014429909647911-1.9875526455935242j) A
CC: Substation IEEE_123_feeder_0/currentB to Distribution System = (-3.413197753596633-1.7281238797815353j) A
CC: Substation IEEE_123_feeder_0/currentC to Distribution System = (-0.2056322487182536+3.75368722096946j) A
CC: Substation IEEE_123_feeder_0/totalLoad to Distribution System = (1510719.776298207+825749.6830675269j) A
CC: Federate Granted Time = 6000.0
CC: Substation IEEE_123_feeder_0/currentA to Distribution System = (4.049644189278008-1.9982458508024366j) A
CC: Substation IEEE_123_feeder_0/currentB to Distribution System = (-3.4281117555115257-1.7436024359176558j) A
CC: Substation IEEE_123_feeder_0/currentC to Distribution System = (-0.21409222337020795+3.7944740360884377j) A
CC: Substation IEEE_123_feeder_0/totalLoad to Distribution System = (1524419.8299259187+829903.449781504j) A
CC: Federate Granted Time = 6300.0
CC: Substation IEEE_123_feeder_0/currentA to Distribution System = (4.04255468104558-1.9972760354712051j) A
CC: Substation IEEE_123_feeder_0/currentB to Distribution System = (-3.414547513455446-1.7339599911059997j) A
CC: Substation IEEE_123_feeder_0/currentC to Distribution System = (-0.2132025028149633+3.789194957444293j) A
CC: Substation IEEE_123_feeder_0/totalLoad to Distribution System = (1520455.5197732006+828468.9887812391j) A
CC: Federate Granted Time = 6600.0
CC: Substation IEEE_123_feeder_0/currentA to Distribution System = (4.006448050740173-1.9863239353575444j) A
CC: Substation IEEE_123_feeder_0/currentB to Distribution System = (-3.3993476728032785-1.7182027244300604j) A
CC: Substation IEEE_123_feeder_0/currentC to Distribution System = (-0.20455628607769422+3.747732475106854j) A
CC: Substation IEEE_123_feeder_0/totalLoad to Distribution System = (1506488.8090957645+824244.313261413j) A
CC: Federate Granted Time = 6900.0
CC: Substation IEEE_123_feeder_0/currentA to Distribution System = (4.018043028633155-1.9890516843921586j) A
CC: Substation IEEE_123_feeder_0/currentB to Distribution System = (-3.4144663176952776-1.730430657112674j) A
CC: Substation IEEE_123_feeder_0/currentC to Distribution System = (-0.20780348600918047+3.7691682993559334j) A
CC: Substation IEEE_123_feeder_0/totalLoad to Distribution System = (1513700.7449873262+826803.0371999426j) A
CC: Federate Granted Time = 7200.0
CC: Substation IEEE_123_feeder_0/currentA to Distribution System = (4.008672464021302-1.9862980637578687j) A
CC: Substation IEEE_123_feeder_0/currentB to Distribution System = (-3.410371974243058-1.7263533390768857j) A
CC: Substation IEEE_123_feeder_0/currentC to Distribution System = (-0.20577262325505127+3.761574110850493j) A
CC: Substation IEEE_123_feeder_0/totalLoad to Distribution System = (1510446.815533596+825885.0132931134j) A
CC: Federate Granted Time = 7500.0
CC: Substation IEEE_123_feeder_0/currentA to Distribution System = (4.039451303404223-1.995922757337337j) A
CC: Substation IEEE_123_feeder_0/currentB to Distribution System = (-3.4135083602170453-1.7318794948093432j) A
CC: Substation IEEE_123_feeder_0/currentC to Distribution System = (-0.21110960888560903+3.7740168913263994j) A
CC: Substation IEEE_123_feeder_0/totalLoad to Distribution System = (1517632.151981591+827459.152986717j) A
CC: Federate Granted Time = 7800.0
CC: Substation IEEE_123_feeder_0/currentA to Distribution System = (3.984566883459838-1.9799466156104844j) A
CC: Substation IEEE_123_feeder_0/currentB to Distribution System = (-3.3899399718541963-1.7090469761678206j) A
CC: Substation IEEE_123_feeder_0/currentC to Distribution System = (-0.20012367061410863+3.7302528254249734j) A
CC: Substation IEEE_123_feeder_0/totalLoad to Distribution System = (1499030.309193589+822097.0844878224j) A
CC: Federate Granted Time = 8100.0
CC: Substation IEEE_123_feeder_0/currentA to Distribution System = (4.007430724411392-1.985963130880579j) A
CC: Substation IEEE_123_feeder_0/currentB to Distribution System = (-3.4098709700204757-1.7259607957100376j) A
CC: Substation IEEE_123_feeder_0/currentC to Distribution System = (-0.20564345634614795+3.7606522171193477j) A
CC: Substation IEEE_123_feeder_0/totalLoad to Distribution System = (1510095.7114371606+825771.9276863388j) A
CC: Federate Granted Time = 8400.0
CC: Substation IEEE_123_feeder_0/currentA to Distribution System = (3.9966037290435414-1.9826750647903786j) A
CC: Substation IEEE_123_feeder_0/currentB to Distribution System = (-3.4051752385205605-1.7212776003311723j) A
CC: Substation IEEE_123_feeder_0/currentC to Distribution System = (-0.20333346306572128+3.751761983556931j) A
CC: Substation IEEE_123_feeder_0/totalLoad to Distribution System = (1505902.5246376037+824451.3487282422j) A
CC: Federate Granted Time = 8700.0
CC: Substation IEEE_123_feeder_0/currentA to Distribution System = (4.007251690220215-1.986894436110157j) A
CC: Substation IEEE_123_feeder_0/currentB to Distribution System = (-3.3993846924342055-1.7191904346408877j) A
CC: Substation IEEE_123_feeder_0/currentC to Distribution System = (-0.20603612041391478+3.760750873910589j) A
CC: Substation IEEE_123_feeder_0/totalLoad to Distribution System = (1508082.4283278552+824808.3748417103j) A
CC: Federate Granted Time = 9000.0
CC: Substation IEEE_123_feeder_0/currentA to Distribution System = (3.974980695626182-1.9775010093462315j) A
CC: Substation IEEE_123_feeder_0/currentB to Distribution System = (-3.385512539438388-1.7056840166492808j) A
CC: Substation IEEE_123_feeder_0/currentC to Distribution System = (-0.19947187555581225+3.734853280606538j) A
CC: Substation IEEE_123_feeder_0/totalLoad to Distribution System = (1497111.281508775+821663.0609801606j) A
CC: Federate Granted Time = 9300.0
CC: Substation IEEE_123_feeder_0/currentA to Distribution System = (4.006693340742846-1.985706788258847j) A
CC: Substation IEEE_123_feeder_0/currentB to Distribution System = (-3.4095622980824754-1.7256521831781904j) A
CC: Substation IEEE_123_feeder_0/currentC to Distribution System = (-0.20549868844922553+3.760011740220421j) A
CC: Substation IEEE_123_feeder_0/totalLoad to Distribution System = (1509675.3179588234+825600.9787193413j) A
CC: Federate Granted Time = 9600.0
CC: Substation IEEE_123_feeder_0/currentA to Distribution System = (3.998855505126067-1.9833866904339736j) A
CC: Substation IEEE_123_feeder_0/currentB to Distribution System = (-3.4061355496404127-1.722223027444754j) A
CC: Substation IEEE_123_feeder_0/currentC to Distribution System = (-0.2037840766734331+3.7536343004879984j) A
CC: Substation IEEE_123_feeder_0/totalLoad to Distribution System = (1506895.700265222+824803.8337865664j) A
CC: Federate Granted Time = 9900.0
CC: Substation IEEE_123_feeder_0/currentA to Distribution System = (3.987389094831736-1.980730571636478j) A
CC: Substation IEEE_123_feeder_0/currentB to Distribution System = (-3.3911218110563524-1.7101011191550985j) A
CC: Substation IEEE_123_feeder_0/currentC to Distribution System = (-0.20057451120739123+3.7324158024229246j) A
CC: Substation IEEE_123_feeder_0/totalLoad to Distribution System = (1499859.7871827253+822330.2249665821j) A
CC: Federate Granted Time = 10200.0
CC: Substation IEEE_123_feeder_0/currentA to Distribution System = (3.949494729843763-1.9697086408661857j) A
CC: Substation IEEE_123_feeder_0/currentB to Distribution System = (-3.374875177343952-1.6943744978383068j) A
CC: Substation IEEE_123_feeder_0/currentC to Distribution System = (-0.19301853123591667+3.7022066630629347j) A
CC: Substation IEEE_123_feeder_0/totalLoad to Distribution System = (1486961.5304763308+818590.9000905185j) A
CC: Federate Granted Time = 10500.0
CC: Substation IEEE_123_feeder_0/currentA to Distribution System = (3.9337872379535614-1.9645086487259769j) A
CC: Substation IEEE_123_feeder_0/currentB to Distribution System = (-3.378019273012316-1.6949493020892317j) A
CC: Substation IEEE_123_feeder_0/currentC to Distribution System = (-0.19064815806293658+3.701498468999577j) A
CC: Substation IEEE_123_feeder_0/totalLoad to Distribution System = (1484833.8314457955+818481.5158747511j) A
